--------------------------------------------------------------------------------
Release 13.4 Trace  (nt64)
Copyright (c) 1995-2011 Xilinx, Inc.  All rights reserved.

E:\Xilinx\ISE_DS\ISE\bin\nt64\unwrapped\trce.exe -intstyle ise -v 3 -s 5 -n 3
-fastpaths -xml CDBunit.twx CDBunit.ncd -o CDBunit.twr CDBunit.pcf

Design file:              CDBunit.ncd
Physical constraint file: CDBunit.pcf
Device,package,speed:     xc3s1600e,fg320,-5 (PRODUCTION 1.27 2012-01-07)
Report level:             verbose report

Environment Variable      Effect 
--------------------      ------ 
NONE                      No environment variables were set
--------------------------------------------------------------------------------

INFO:Timing:2698 - No timing constraints found, doing default enumeration.
INFO:Timing:3412 - To improve timing, see the Timing Closure User Guide (UG612).
INFO:Timing:2752 - To get complete path coverage, use the unconstrained paths 
   option. All paths that are not constrained will be reported in the 
   unconstrained paths section(s) of the report.
INFO:Timing:3339 - The clock-to-out numbers in this timing report are based on 
   a 50 Ohm transmission line loading model.  For the details of this model, 
   and for more information on accounting for different loading conditions, 
   please see the device datasheet.
INFO:Timing:3390 - This architecture does not support a default System Jitter 
   value, please add SYSTEM_JITTER constraint to the UCF to modify the Clock 
   Uncertainty calculation.
INFO:Timing:3389 - This architecture does not support 'Discrete Jitter' and 
   'Phase Error' calculations, these terms will be zero in the Clock 
   Uncertainty calculation.  Please make appropriate modification to 
   SYSTEM_JITTER to account for the unsupported Discrete Jitter and Phase 
   Error.



Data Sheet report:
-----------------
All values displayed in nanoseconds (ns)

Setup/Hold to clock Clk
------------+------------+------------+------------------+--------+
            |Max Setup to|Max Hold to |                  | Clock  |
Source      | clk (edge) | clk (edge) |Internal Clock(s) | Phase  |
------------+------------+------------+------------------+--------+
request<0>  |    4.230(R)|   -0.482(R)|Clk_BUFGP         |   0.000|
request<1>  |    2.254(R)|    0.746(R)|Clk_BUFGP         |   0.000|
request<2>  |    2.842(R)|    0.509(R)|Clk_BUFGP         |   0.000|
------------+------------+------------+------------------+--------+

Clock Clk to Pad
------------+------------+------------------+--------+
            | clk (edge) |                  | Clock  |
Destination |   to PAD   |Internal Clock(s) | Phase  |
------------+------------+------------------+--------+
CDBout<0>   |   14.085(R)|Clk_BUFGP         |   0.000|
CDBout<1>   |   15.321(R)|Clk_BUFGP         |   0.000|
CDBout<2>   |   13.192(R)|Clk_BUFGP         |   0.000|
CDBout<3>   |   14.574(R)|Clk_BUFGP         |   0.000|
CDBout<4>   |   14.473(R)|Clk_BUFGP         |   0.000|
CDBout<5>   |   13.744(R)|Clk_BUFGP         |   0.000|
CDBout<6>   |   13.723(R)|Clk_BUFGP         |   0.000|
CDBout<7>   |   11.424(R)|Clk_BUFGP         |   0.000|
CDBout<8>   |   13.293(R)|Clk_BUFGP         |   0.000|
CDBout<9>   |   12.216(R)|Clk_BUFGP         |   0.000|
CDBout<10>  |   13.348(R)|Clk_BUFGP         |   0.000|
CDBout<11>  |   12.896(R)|Clk_BUFGP         |   0.000|
CDBout<12>  |   12.626(R)|Clk_BUFGP         |   0.000|
CDBout<13>  |   12.123(R)|Clk_BUFGP         |   0.000|
CDBout<14>  |   12.245(R)|Clk_BUFGP         |   0.000|
CDBout<15>  |   12.610(R)|Clk_BUFGP         |   0.000|
CDBout<16>  |   14.355(R)|Clk_BUFGP         |   0.000|
CDBout<17>  |   12.472(R)|Clk_BUFGP         |   0.000|
CDBout<18>  |   14.030(R)|Clk_BUFGP         |   0.000|
CDBout<19>  |   13.833(R)|Clk_BUFGP         |   0.000|
CDBout<20>  |   13.558(R)|Clk_BUFGP         |   0.000|
CDBout<21>  |   14.175(R)|Clk_BUFGP         |   0.000|
CDBout<22>  |   14.846(R)|Clk_BUFGP         |   0.000|
CDBout<23>  |   14.735(R)|Clk_BUFGP         |   0.000|
CDBout<24>  |   14.866(R)|Clk_BUFGP         |   0.000|
CDBout<25>  |   14.074(R)|Clk_BUFGP         |   0.000|
CDBout<26>  |   13.549(R)|Clk_BUFGP         |   0.000|
CDBout<27>  |   15.160(R)|Clk_BUFGP         |   0.000|
CDBout<28>  |   15.360(R)|Clk_BUFGP         |   0.000|
CDBout<29>  |   14.858(R)|Clk_BUFGP         |   0.000|
CDBout<30>  |   13.940(R)|Clk_BUFGP         |   0.000|
CDBout<31>  |   16.078(R)|Clk_BUFGP         |   0.000|
CDBout<32>  |   11.669(R)|Clk_BUFGP         |   0.000|
CDBout<33>  |   11.027(R)|Clk_BUFGP         |   0.000|
CDBout<34>  |   11.367(R)|Clk_BUFGP         |   0.000|
CDBout<35>  |   11.667(R)|Clk_BUFGP         |   0.000|
CDBout<36>  |   11.138(R)|Clk_BUFGP         |   0.000|
CDBout<37>  |    5.911(R)|Clk_BUFGP         |   0.000|
grant<0>    |    9.422(R)|Clk_BUFGP         |   0.000|
grant<1>    |    9.597(R)|Clk_BUFGP         |   0.000|
grant<2>    |    9.445(R)|Clk_BUFGP         |   0.000|
------------+------------+------------------+--------+

Clock to Setup on destination clock Clk
---------------+---------+---------+---------+---------+
               | Src:Rise| Src:Fall| Src:Rise| Src:Fall|
Source Clock   |Dest:Rise|Dest:Rise|Dest:Fall|Dest:Fall|
---------------+---------+---------+---------+---------+
Clk            |    3.248|         |         |         |
---------------+---------+---------+---------+---------+

Pad to Pad
---------------+---------------+---------+
Source Pad     |Destination Pad|  Delay  |
---------------+---------------+---------+
Q1<0>          |CDBout<32>     |    6.846|
Q1<1>          |CDBout<33>     |    6.133|
Q1<2>          |CDBout<34>     |    6.810|
Q1<3>          |CDBout<35>     |    7.011|
Q1<4>          |CDBout<36>     |    6.868|
Q2<0>          |CDBout<32>     |    6.933|
Q2<1>          |CDBout<33>     |    6.193|
Q2<2>          |CDBout<34>     |    6.478|
Q2<3>          |CDBout<35>     |    7.066|
Q2<4>          |CDBout<36>     |    7.248|
Q3<0>          |CDBout<32>     |    7.812|
Q3<1>          |CDBout<33>     |    7.121|
Q3<2>          |CDBout<34>     |    7.205|
Q3<3>          |CDBout<35>     |    8.069|
Q3<4>          |CDBout<36>     |    7.204|
Value1<0>      |CDBout<0>      |   10.355|
Value1<1>      |CDBout<1>      |   13.960|
Value1<2>      |CDBout<2>      |   11.293|
Value1<3>      |CDBout<3>      |   12.740|
Value1<4>      |CDBout<4>      |    9.659|
Value1<5>      |CDBout<5>      |   11.325|
Value1<6>      |CDBout<6>      |   11.393|
Value1<7>      |CDBout<7>      |    7.486|
Value1<8>      |CDBout<8>      |   11.513|
Value1<9>      |CDBout<9>      |    9.508|
Value1<10>     |CDBout<10>     |   10.732|
Value1<11>     |CDBout<11>     |   10.844|
Value1<12>     |CDBout<12>     |    9.664|
Value1<13>     |CDBout<13>     |   10.223|
Value1<14>     |CDBout<14>     |    9.510|
Value1<15>     |CDBout<15>     |    9.666|
Value1<16>     |CDBout<16>     |   10.881|
Value1<17>     |CDBout<17>     |    8.895|
Value1<18>     |CDBout<18>     |    9.596|
Value1<19>     |CDBout<19>     |    8.912|
Value1<20>     |CDBout<20>     |   10.724|
Value1<21>     |CDBout<21>     |    8.338|
Value1<22>     |CDBout<22>     |   10.158|
Value1<23>     |CDBout<23>     |    8.416|
Value1<24>     |CDBout<24>     |    9.752|
Value1<25>     |CDBout<25>     |    8.490|
Value1<26>     |CDBout<26>     |    6.750|
Value1<27>     |CDBout<27>     |    9.971|
Value1<28>     |CDBout<28>     |    8.300|
Value1<29>     |CDBout<29>     |   10.064|
Value1<30>     |CDBout<30>     |    6.842|
Value1<31>     |CDBout<31>     |    8.484|
Value2<0>      |CDBout<0>      |   10.405|
Value2<1>      |CDBout<1>      |   12.747|
Value2<2>      |CDBout<2>      |   10.790|
Value2<3>      |CDBout<3>      |   12.072|
Value2<4>      |CDBout<4>      |    9.010|
Value2<5>      |CDBout<5>      |   10.644|
Value2<6>      |CDBout<6>      |   11.475|
Value2<7>      |CDBout<7>      |    6.954|
Value2<8>      |CDBout<8>      |   11.656|
Value2<9>      |CDBout<9>      |   10.081|
Value2<10>     |CDBout<10>     |   11.384|
Value2<11>     |CDBout<11>     |   11.220|
Value2<12>     |CDBout<12>     |    9.270|
Value2<13>     |CDBout<13>     |    9.613|
Value2<14>     |CDBout<14>     |    9.439|
Value2<15>     |CDBout<15>     |    9.358|
Value2<16>     |CDBout<16>     |   10.929|
Value2<17>     |CDBout<17>     |    9.020|
Value2<18>     |CDBout<18>     |    9.879|
Value2<19>     |CDBout<19>     |   10.073|
Value2<20>     |CDBout<20>     |    9.720|
Value2<21>     |CDBout<21>     |    8.624|
Value2<22>     |CDBout<22>     |   10.382|
Value2<23>     |CDBout<23>     |    9.259|
Value2<24>     |CDBout<24>     |   10.092|
Value2<25>     |CDBout<25>     |    9.571|
Value2<26>     |CDBout<26>     |    7.314|
Value2<27>     |CDBout<27>     |   10.475|
Value2<28>     |CDBout<28>     |    9.524|
Value2<29>     |CDBout<29>     |   10.870|
Value2<30>     |CDBout<30>     |    7.358|
Value2<31>     |CDBout<31>     |    9.224|
Value3<0>      |CDBout<0>      |   11.502|
Value3<1>      |CDBout<1>      |   13.641|
Value3<2>      |CDBout<2>      |   11.510|
Value3<3>      |CDBout<3>      |   12.694|
Value3<4>      |CDBout<4>      |   10.822|
Value3<5>      |CDBout<5>      |   11.560|
Value3<6>      |CDBout<6>      |   11.223|
Value3<7>      |CDBout<7>      |    7.979|
Value3<8>      |CDBout<8>      |   11.356|
Value3<9>      |CDBout<9>      |    9.815|
Value3<10>     |CDBout<10>     |   10.838|
Value3<11>     |CDBout<11>     |   10.987|
Value3<12>     |CDBout<12>     |    9.988|
Value3<13>     |CDBout<13>     |    9.693|
Value3<14>     |CDBout<14>     |    9.687|
Value3<15>     |CDBout<15>     |    9.444|
Value3<16>     |CDBout<16>     |   10.563|
Value3<17>     |CDBout<17>     |    8.878|
Value3<18>     |CDBout<18>     |   10.276|
Value3<19>     |CDBout<19>     |    9.535|
Value3<20>     |CDBout<20>     |   10.228|
Value3<21>     |CDBout<21>     |   10.028|
Value3<22>     |CDBout<22>     |   10.860|
Value3<23>     |CDBout<23>     |   10.456|
Value3<24>     |CDBout<24>     |   10.533|
Value3<25>     |CDBout<25>     |    9.886|
Value3<26>     |CDBout<26>     |    9.507|
Value3<27>     |CDBout<27>     |   10.772|
Value3<28>     |CDBout<28>     |   10.887|
Value3<29>     |CDBout<29>     |   11.296|
Value3<30>     |CDBout<30>     |    8.959|
Value3<31>     |CDBout<31>     |   10.888|
request<0>     |grant<0>       |    8.836|
request<0>     |grant<1>       |    9.991|
request<0>     |grant<2>       |    8.674|
request<1>     |grant<0>       |    7.948|
request<1>     |grant<1>       |    7.244|
request<1>     |grant<2>       |    6.900|
request<2>     |grant<0>       |    8.536|
request<2>     |grant<1>       |    7.597|
request<2>     |grant<2>       |    7.430|
---------------+---------------+---------+


Analysis completed Tue Oct 23 21:48:04 2018 
--------------------------------------------------------------------------------

Trace Settings:
-------------------------
Trace Settings 

Peak Memory Usage: 187 MB



