Command line:
   Reg5BitR_isim_beh.exe
     -simmode  gui
     -simrunnum  0
     -socket  49997

Sat Oct 27 15:27:33 2018


 Elaboration Time: 0.0312 sec

 Current Memory Usage: 505.291 Meg

 Total Signals          : 80
 Total Nets             : 23
 Total Signal Drivers   : 15
 Total Blocks           : 17
 Total Primitive Blocks : 11
 Total Processes        : 15
 Total Traceable Variables  : 8
 Total Scalar Nets and Variables : 383
Total Line Count : 20

 Total Simulation Time: 0.0468 sec

 Current Memory Usage: 505.291 Meg

Sat Oct 27 15:27:35 2018

